<?xml version="1.0" encoding="UTF-8"?>
<testsuite name="TestUtils" tests="2" skipped="0" failures="0" errors="0" timestamp="2018-05-10T15:13:19" hostname="zeetoadmins-MacBook-Pro.local" time="0.002">
  <properties/>
  <testcase name="firstTest" classname="TestUtils" time="0.001"/>
  <testcase name="parseCommandLineArguments" classname="TestUtils" time="0.001"/>
  <system-out><![CDATA[]]></system-out>
  <system-err><![CDATA[]]></system-err>
</testsuite>
