<?xml version="1.0" encoding="UTF-8"?>
<testsuite name="HistogramTest" tests="2" skipped="0" failures="0" errors="0" timestamp="2018-05-12T01:20:00" hostname="ip-192-168-0-101.us-west-2.compute.internal" time="0.002">
  <properties/>
  <testcase name="firstTest" classname="HistogramTest" time="0.001"/>
  <testcase name="testAppHasAGreeting" classname="HistogramTest" time="0.001"/>
  <system-out><![CDATA[]]></system-out>
  <system-err><![CDATA[]]></system-err>
</testsuite>
